0 info it worked if it ends with ok
1 verbose cli [ 'C:\\Program Files\\nodejs\\node.exe',
1 verbose cli   'C:\\Program Files\\nodejs\\node_modules\\npm\\bin\\npm-cli.js',
1 verbose cli   'run',
1 verbose cli   'server' ]
2 info using npm@3.10.10
3 info using node@v6.10.0
4 verbose run-script [ 'preserver', 'server', 'postserver' ]
5 info lifecycle webpack-test@1.0.0~preserver: webpack-test@1.0.0
6 silly lifecycle webpack-test@1.0.0~preserver: no script for preserver, continuing
7 info lifecycle webpack-test@1.0.0~server: webpack-test@1.0.0
8 verbose lifecycle webpack-test@1.0.0~server: unsafe-perm in lifecycle true
9 verbose lifecycle webpack-test@1.0.0~server: PATH: C:\Program Files\nodejs\node_modules\npm\bin\node-gyp-bin;D:\ZEQ\webpack\node_modules\.bin;C:\Program Files (x86)\Intel\iCLS Client\;C:\Program Files\Intel\iCLS Client\;C:\WINDOWS\system32;C:\WINDOWS;C:\WINDOWS\System32\Wbem;C:\WINDOWS\System32\WindowsPowerShell\v1.0\;C:\Program Files\Intel\Intel(R) Management Engine Components\DAL;C:\Program Files\Intel\Intel(R) Management Engine Components\IPT;C:\Program Files (x86)\Intel\Intel(R) Management Engine Components\DAL;C:\Program Files (x86)\Intel\Intel(R) Management Engine Components\IPT;C:\Program Files (x86)\Windows Live\Shared;D:\Program Files\TortoiseSVN\bin;C:\Program Files\Java\jdk1.7.0_60\bin;C:\Program Files\Java\jdk1.7.0_60\jre\bin;D:\Program Files\apache-maven-3.2.2\bin;C:\Program Files\TortoiseGit\bin;D:\apache-tomcat-6.0.35\lib;C:\Program Files\Microsoft SQL Server\110\Tools\Binn\;C:\Python27;C:\Program Files (x86)\Microsoft SDKs\TypeScript\1.0\;C:\Program Files\Microsoft SQL Server\120\Tools\Binn\;C:\WINDOWS\system32\config\systemprofile\.dnx\bin;C:\Program Files\Microsoft DNX\Dnvm\;C:\Program Files\Microsoft\Web Platform Installer\;C:\Program Files (x86)\Microsoft ASP.NET\ASP.NET Web Pages\v1.0\;C:\Program Files (x86)\Windows Kits\8.0\Windows Performance Toolkit\;C:\Program Files (x86)\Microsoft SQL Server\100\Tools\Binn\;C:\Program Files\Microsoft SQL Server\100\Tools\Binn\;C:\Program Files\Microsoft SQL Server\100\DTS\Binn\;C:\Program Files (x86)\Microsoft SQL Server\100\Tools\Binn\VSShell\Common7\IDE\;C:\Program Files (x86)\Microsoft SQL Server\100\DTS\Binn\;C:\Program Files (x86)\Microsoft Visual Studio 9.0\Common7\IDE\PrivateAssemblies\;C:\Program Files (x86)\MySQL\MySQL Fabric 1.5 & MySQL Utilities 1.5\;C:\Program Files (x86)\MySQL\MySQL Fabric 1.5 & MySQL Utilities 1.5\Doctrine extensions for PHP\;C:\Program Files\nodejs\;C:\Program Files (x86)\SSH Communications Security\SSH Secure Shell;C:\Users\zeq\AppData\Roaming\npm
10 verbose lifecycle webpack-test@1.0.0~server: CWD: D:\ZEQ\webpack
11 silly lifecycle webpack-test@1.0.0~server: Args: [ '/d /s /c', 'webpack-dev-server --open' ]
12 silly lifecycle webpack-test@1.0.0~server: Returned: code: 3221225786  signal: null
13 info lifecycle webpack-test@1.0.0~server: Failed to exec server script
14 verbose stack Error: webpack-test@1.0.0 server: `webpack-dev-server --open`
14 verbose stack Exit status 3221225786
14 verbose stack     at EventEmitter.<anonymous> (C:\Program Files\nodejs\node_modules\npm\lib\utils\lifecycle.js:255:16)
14 verbose stack     at emitTwo (events.js:106:13)
14 verbose stack     at EventEmitter.emit (events.js:191:7)
14 verbose stack     at ChildProcess.<anonymous> (C:\Program Files\nodejs\node_modules\npm\lib\utils\spawn.js:40:14)
14 verbose stack     at emitTwo (events.js:106:13)
14 verbose stack     at ChildProcess.emit (events.js:191:7)
14 verbose stack     at maybeClose (internal/child_process.js:877:16)
14 verbose stack     at Process.ChildProcess._handle.onexit (internal/child_process.js:226:5)
15 verbose pkgid webpack-test@1.0.0
16 verbose cwd D:\ZEQ\webpack
17 error Windows_NT 6.3.9600
18 error argv "C:\\Program Files\\nodejs\\node.exe" "C:\\Program Files\\nodejs\\node_modules\\npm\\bin\\npm-cli.js" "run" "server"
19 error node v6.10.0
20 error npm  v3.10.10
21 error code ELIFECYCLE
22 error webpack-test@1.0.0 server: `webpack-dev-server --open`
22 error Exit status 3221225786
23 error Failed at the webpack-test@1.0.0 server script 'webpack-dev-server --open'.
23 error Make sure you have the latest version of node.js and npm installed.
23 error If you do, this is most likely a problem with the webpack-test package,
23 error not with npm itself.
23 error Tell the author that this fails on your system:
23 error     webpack-dev-server --open
23 error You can get information on how to open an issue for this project with:
23 error     npm bugs webpack-test
23 error Or if that isn't available, you can get their info via:
23 error     npm owner ls webpack-test
23 error There is likely additional logging output above.
24 verbose exit [ 1, true ]
